[debug] [2025-12-11T08:31:57.908Z] ----------------------------------------------------------------------
[debug] [2025-12-11T08:31:57.909Z] Command:       /usr/local/bin/node /usr/local/bin/firebase deploy --only functions
[debug] [2025-12-11T08:31:57.910Z] CLI Version:   14.26.0
[debug] [2025-12-11T08:31:57.910Z] Platform:      darwin
[debug] [2025-12-11T08:31:57.910Z] Node Version:  v24.6.0
[debug] [2025-12-11T08:31:57.910Z] Time:          Thu Dec 11 2025 17:31:57 GMT+0900 (日本標準時)
[debug] [2025-12-11T08:31:57.910Z] ----------------------------------------------------------------------
[debug] 
[debug] [2025-12-11T08:31:57.996Z] > command requires scopes: ["email","openid","https://www.googleapis.com/auth/cloudplatformprojects.readonly","https://www.googleapis.com/auth/firebase","https://www.googleapis.com/auth/cloud-platform"]
[debug] [2025-12-11T08:31:57.996Z] > authorizing via signed-in user (takagi.buckup@gmail.com)
[debug] [2025-12-11T08:31:57.996Z] [iam] checking project juuteion-web for permissions ["cloudfunctions.functions.create","cloudfunctions.functions.delete","cloudfunctions.functions.get","cloudfunctions.functions.list","cloudfunctions.functions.update","cloudfunctions.operations.get","firebase.projects.get"]
[debug] [2025-12-11T08:31:57.997Z] Checked if tokens are valid: true, expires at: 1765443256736
[debug] [2025-12-11T08:31:57.997Z] Checked if tokens are valid: true, expires at: 1765443256736
[debug] [2025-12-11T08:31:57.997Z] >>> [apiv2][query] POST https://cloudresourcemanager.googleapis.com/v1/projects/juuteion-web:testIamPermissions [none]
[debug] [2025-12-11T08:31:57.997Z] >>> [apiv2][(partial)header] POST https://cloudresourcemanager.googleapis.com/v1/projects/juuteion-web:testIamPermissions x-goog-quota-user=projects/juuteion-web
[debug] [2025-12-11T08:31:57.997Z] >>> [apiv2][body] POST https://cloudresourcemanager.googleapis.com/v1/projects/juuteion-web:testIamPermissions {"permissions":["cloudfunctions.functions.create","cloudfunctions.functions.delete","cloudfunctions.functions.get","cloudfunctions.functions.list","cloudfunctions.functions.update","cloudfunctions.operations.get","firebase.projects.get"]}
[debug] [2025-12-11T08:31:58.217Z] <<< [apiv2][status] POST https://cloudresourcemanager.googleapis.com/v1/projects/juuteion-web:testIamPermissions 200
[debug] [2025-12-11T08:31:58.217Z] <<< [apiv2][body] POST https://cloudresourcemanager.googleapis.com/v1/projects/juuteion-web:testIamPermissions {"permissions":["cloudfunctions.functions.create","cloudfunctions.functions.delete","cloudfunctions.functions.get","cloudfunctions.functions.list","cloudfunctions.functions.update","cloudfunctions.operations.get","firebase.projects.get"]}
[debug] [2025-12-11T08:31:58.217Z] Checked if tokens are valid: true, expires at: 1765443256736
[debug] [2025-12-11T08:31:58.217Z] Checked if tokens are valid: true, expires at: 1765443256736
[debug] [2025-12-11T08:31:58.217Z] >>> [apiv2][query] POST https://iam.googleapis.com/v1/projects/juuteion-web/serviceAccounts/juuteion-web@appspot.gserviceaccount.com:testIamPermissions [none]
[debug] [2025-12-11T08:31:58.217Z] >>> [apiv2][body] POST https://iam.googleapis.com/v1/projects/juuteion-web/serviceAccounts/juuteion-web@appspot.gserviceaccount.com:testIamPermissions {"permissions":["iam.serviceAccounts.actAs"]}
[debug] [2025-12-11T08:31:59.074Z] <<< [apiv2][status] POST https://iam.googleapis.com/v1/projects/juuteion-web/serviceAccounts/juuteion-web@appspot.gserviceaccount.com:testIamPermissions 200
[debug] [2025-12-11T08:31:59.074Z] <<< [apiv2][body] POST https://iam.googleapis.com/v1/projects/juuteion-web/serviceAccounts/juuteion-web@appspot.gserviceaccount.com:testIamPermissions {"permissions":["iam.serviceAccounts.actAs"]}
[info] 
[info] === Deploying to 'juuteion-web'...
[info] 
[info] i  deploying functions 
[info] Running command: npm --prefix "$RESOURCE_DIR" run build
[info] ✔  functions: Finished running predeploy script. 
[debug] [2025-12-11T08:32:02.371Z] Checked if tokens are valid: true, expires at: 1765443256736
[debug] [2025-12-11T08:32:02.371Z] Checked if tokens are valid: true, expires at: 1765443256736
[debug] [2025-12-11T08:32:02.371Z] >>> [apiv2][query] GET https://serviceusage.googleapis.com/v1/projects/juuteion-web/services/cloudresourcemanager.googleapis.com [none]
[debug] [2025-12-11T08:32:02.371Z] >>> [apiv2][(partial)header] GET https://serviceusage.googleapis.com/v1/projects/juuteion-web/services/cloudresourcemanager.googleapis.com x-goog-quota-user=projects/juuteion-web
[debug] [2025-12-11T08:32:03.333Z] <<< [apiv2][status] GET https://serviceusage.googleapis.com/v1/projects/juuteion-web/services/cloudresourcemanager.googleapis.com 200
[debug] [2025-12-11T08:32:03.333Z] <<< [apiv2][body] GET https://serviceusage.googleapis.com/v1/projects/juuteion-web/services/cloudresourcemanager.googleapis.com [omitted]
[debug] [2025-12-11T08:32:03.343Z] Checked if tokens are valid: true, expires at: 1765443256736
[debug] [2025-12-11T08:32:03.343Z] Checked if tokens are valid: true, expires at: 1765443256736
[debug] [2025-12-11T08:32:03.343Z] >>> [apiv2][query] GET https://cloudresourcemanager.googleapis.com/v1/projects/juuteion-web [none]
[debug] [2025-12-11T08:32:04.029Z] <<< [apiv2][status] GET https://cloudresourcemanager.googleapis.com/v1/projects/juuteion-web 200
[debug] [2025-12-11T08:32:04.029Z] <<< [apiv2][body] GET https://cloudresourcemanager.googleapis.com/v1/projects/juuteion-web {"projectNumber":"419983931050","projectId":"juuteion-web","lifecycleState":"ACTIVE","name":"juuteion web","labels":{"firebase":"enabled","firebase-core":"disabled"},"createTime":"2025-12-08T18:21:36.452767Z"}
[info] i  functions: preparing codebase default for deployment 
[info] i  functions: ensuring required API cloudfunctions.googleapis.com is enabled... 
[info] i  functions: ensuring required API cloudbuild.googleapis.com is enabled... 
[debug] [2025-12-11T08:32:04.031Z] Checked if tokens are valid: true, expires at: 1765443256736
[debug] [2025-12-11T08:32:04.031Z] Checked if tokens are valid: true, expires at: 1765443256736
[info] i  artifactregistry: ensuring required API artifactregistry.googleapis.com is enabled... 
[debug] [2025-12-11T08:32:04.031Z] Checked if tokens are valid: true, expires at: 1765443256736
[debug] [2025-12-11T08:32:04.031Z] Checked if tokens are valid: true, expires at: 1765443256736
[debug] [2025-12-11T08:32:04.031Z] >>> [apiv2][query] GET https://serviceusage.googleapis.com/v1/projects/juuteion-web/services/cloudbuild.googleapis.com [none]
[debug] [2025-12-11T08:32:04.031Z] >>> [apiv2][(partial)header] GET https://serviceusage.googleapis.com/v1/projects/juuteion-web/services/cloudbuild.googleapis.com x-goog-quota-user=projects/juuteion-web
[debug] [2025-12-11T08:32:04.031Z] >>> [apiv2][query] GET https://serviceusage.googleapis.com/v1/projects/juuteion-web/services/artifactregistry.googleapis.com [none]
[debug] [2025-12-11T08:32:04.031Z] >>> [apiv2][(partial)header] GET https://serviceusage.googleapis.com/v1/projects/juuteion-web/services/artifactregistry.googleapis.com x-goog-quota-user=projects/juuteion-web
[debug] [2025-12-11T08:32:04.965Z] <<< [apiv2][status] GET https://serviceusage.googleapis.com/v1/projects/juuteion-web/services/cloudbuild.googleapis.com 200
[debug] [2025-12-11T08:32:04.965Z] <<< [apiv2][body] GET https://serviceusage.googleapis.com/v1/projects/juuteion-web/services/cloudbuild.googleapis.com [omitted]
[warn] ⚠  functions: missing required API cloudbuild.googleapis.com. Enabling now... 
[debug] [2025-12-11T08:32:04.966Z] Checked if tokens are valid: true, expires at: 1765443256736
[debug] [2025-12-11T08:32:04.966Z] Checked if tokens are valid: true, expires at: 1765443256736
[debug] [2025-12-11T08:32:04.967Z] >>> [apiv2][query] POST https://serviceusage.googleapis.com/v1/projects/juuteion-web/services/cloudbuild.googleapis.com:enable [none]
[debug] [2025-12-11T08:32:04.967Z] >>> [apiv2][(partial)header] POST https://serviceusage.googleapis.com/v1/projects/juuteion-web/services/cloudbuild.googleapis.com:enable x-goog-quota-user=projects/juuteion-web
[debug] [2025-12-11T08:32:04.971Z] <<< [apiv2][status] GET https://serviceusage.googleapis.com/v1/projects/juuteion-web/services/artifactregistry.googleapis.com 200
[debug] [2025-12-11T08:32:04.971Z] <<< [apiv2][body] GET https://serviceusage.googleapis.com/v1/projects/juuteion-web/services/artifactregistry.googleapis.com [omitted]
[warn] ⚠  artifactregistry: missing required API artifactregistry.googleapis.com. Enabling now... 
[debug] [2025-12-11T08:32:04.971Z] Checked if tokens are valid: true, expires at: 1765443256736
[debug] [2025-12-11T08:32:04.971Z] Checked if tokens are valid: true, expires at: 1765443256736
[debug] [2025-12-11T08:32:04.971Z] >>> [apiv2][query] POST https://serviceusage.googleapis.com/v1/projects/juuteion-web/services/artifactregistry.googleapis.com:enable [none]
[debug] [2025-12-11T08:32:04.972Z] >>> [apiv2][(partial)header] POST https://serviceusage.googleapis.com/v1/projects/juuteion-web/services/artifactregistry.googleapis.com:enable x-goog-quota-user=projects/juuteion-web
[debug] [2025-12-11T08:32:05.992Z] <<< [apiv2][status] POST https://serviceusage.googleapis.com/v1/projects/juuteion-web/services/artifactregistry.googleapis.com:enable 200
[debug] [2025-12-11T08:32:05.993Z] <<< [apiv2][body] POST https://serviceusage.googleapis.com/v1/projects/juuteion-web/services/artifactregistry.googleapis.com:enable [omitted]
[debug] [2025-12-11T08:32:06.008Z] <<< [apiv2][status] POST https://serviceusage.googleapis.com/v1/projects/juuteion-web/services/cloudbuild.googleapis.com:enable 200
[debug] [2025-12-11T08:32:06.008Z] <<< [apiv2][body] POST https://serviceusage.googleapis.com/v1/projects/juuteion-web/services/cloudbuild.googleapis.com:enable [omitted]
[debug] [2025-12-11T08:32:16.016Z] Checked if tokens are valid: true, expires at: 1765443256736
[debug] [2025-12-11T08:32:16.016Z] Checked if tokens are valid: true, expires at: 1765443256736
[debug] [2025-12-11T08:32:16.017Z] >>> [apiv2][query] GET https://firebase.googleapis.com/v1beta1/projects/juuteion-web/adminSdkConfig [none]
[debug] [2025-12-11T08:32:16.684Z] <<< [apiv2][status] GET https://firebase.googleapis.com/v1beta1/projects/juuteion-web/adminSdkConfig 200
[debug] [2025-12-11T08:32:16.684Z] <<< [apiv2][body] GET https://firebase.googleapis.com/v1beta1/projects/juuteion-web/adminSdkConfig {"projectId":"juuteion-web","storageBucket":"juuteion-web.firebasestorage.app"}
[debug] [2025-12-11T08:32:16.686Z] Validating nodejs source
[debug] [2025-12-11T08:32:17.081Z] > [functions] package.json contents: {
  "name": "functions",
  "scripts": {
    "build": "tsc",
    "build:watch": "tsc --watch",
    "serve": "npm run build && firebase emulators:start --only functions",
    "shell": "npm run build && firebase functions:shell",
    "start": "npm run shell",
    "deploy": "firebase deploy --only functions",
    "logs": "firebase functions:log"
  },
  "engines": {
    "node": "24"
  },
  "main": "lib/index.js",
  "dependencies": {
    "firebase-admin": "^13.6.0",
    "firebase-functions": "^7.0.0"
  },
  "devDependencies": {
    "typescript": "^5.7.3",
    "firebase-functions-test": "^3.4.1"
  },
  "private": true
}
[debug] [2025-12-11T08:32:17.081Z] Building nodejs source
[info] i  functions: Loading and analyzing source code for codebase default to determine what to deploy 
[debug] [2025-12-11T08:32:17.081Z] Could not find functions.yaml. Must use http discovery
[debug] [2025-12-11T08:32:17.085Z] Found firebase-functions binary at '/Users/penpen/Documents/juteo_LP/juuteion-hub/functions/node_modules/.bin/firebase-functions'
[info] Serving at port 8636

[debug] [2025-12-11T08:32:17.600Z] Got response from /__/functions.yaml {"endpoints":{"triggerGithubDispatch":{"platform":"gcfv1","labels":{},"availableMemoryMb":null,"timeoutSeconds":null,"minInstances":null,"maxInstances":null,"ingressSettings":null,"serviceAccountEmail":null,"vpc":null,"callableTrigger":{},"entryPoint":"triggerGithubDispatch"}},"specVersion":"v1alpha1","requiredAPIs":[],"extensions":{}}
[info] i  extensions: ensuring required API firebaseextensions.googleapis.com is enabled... 
[debug] [2025-12-11T08:32:21.618Z] Checked if tokens are valid: true, expires at: 1765443256736
[debug] [2025-12-11T08:32:21.618Z] Checked if tokens are valid: true, expires at: 1765443256736
[debug] [2025-12-11T08:32:21.618Z] >>> [apiv2][query] GET https://serviceusage.googleapis.com/v1/projects/juuteion-web/services/firebaseextensions.googleapis.com [none]
[debug] [2025-12-11T08:32:21.618Z] >>> [apiv2][(partial)header] GET https://serviceusage.googleapis.com/v1/projects/juuteion-web/services/firebaseextensions.googleapis.com x-goog-quota-user=projects/juuteion-web
[debug] [2025-12-11T08:32:22.555Z] <<< [apiv2][status] GET https://serviceusage.googleapis.com/v1/projects/juuteion-web/services/firebaseextensions.googleapis.com 200
[debug] [2025-12-11T08:32:22.555Z] <<< [apiv2][body] GET https://serviceusage.googleapis.com/v1/projects/juuteion-web/services/firebaseextensions.googleapis.com [omitted]
[warn] ⚠  extensions: missing required API firebaseextensions.googleapis.com. Enabling now... 
[debug] [2025-12-11T08:32:22.556Z] Checked if tokens are valid: true, expires at: 1765443256736
[debug] [2025-12-11T08:32:22.556Z] Checked if tokens are valid: true, expires at: 1765443256736
[debug] [2025-12-11T08:32:22.556Z] >>> [apiv2][query] POST https://serviceusage.googleapis.com/v1/projects/juuteion-web/services/firebaseextensions.googleapis.com:enable [none]
[debug] [2025-12-11T08:32:22.556Z] >>> [apiv2][(partial)header] POST https://serviceusage.googleapis.com/v1/projects/juuteion-web/services/firebaseextensions.googleapis.com:enable x-goog-quota-user=projects/juuteion-web
[debug] [2025-12-11T08:32:22.906Z] <<< [apiv2][status] POST https://serviceusage.googleapis.com/v1/projects/juuteion-web/services/firebaseextensions.googleapis.com:enable 200
[debug] [2025-12-11T08:32:22.906Z] <<< [apiv2][body] POST https://serviceusage.googleapis.com/v1/projects/juuteion-web/services/firebaseextensions.googleapis.com:enable [omitted]
[debug] [2025-12-11T08:32:32.919Z] > command requires scopes: ["email","openid","https://www.googleapis.com/auth/cloudplatformprojects.readonly","https://www.googleapis.com/auth/firebase","https://www.googleapis.com/auth/cloud-platform"]
[debug] [2025-12-11T08:32:32.920Z] > authorizing via signed-in user (takagi.buckup@gmail.com)
[debug] [2025-12-11T08:32:32.920Z] [iam] checking project juuteion-web for permissions ["firebase.projects.get","firebaseextensions.instances.list"]
[debug] [2025-12-11T08:32:32.920Z] Checked if tokens are valid: true, expires at: 1765443256736
[debug] [2025-12-11T08:32:32.920Z] Checked if tokens are valid: true, expires at: 1765443256736
[debug] [2025-12-11T08:32:32.920Z] >>> [apiv2][query] POST https://cloudresourcemanager.googleapis.com/v1/projects/juuteion-web:testIamPermissions [none]
[debug] [2025-12-11T08:32:32.921Z] >>> [apiv2][(partial)header] POST https://cloudresourcemanager.googleapis.com/v1/projects/juuteion-web:testIamPermissions x-goog-quota-user=projects/juuteion-web
[debug] [2025-12-11T08:32:32.921Z] >>> [apiv2][body] POST https://cloudresourcemanager.googleapis.com/v1/projects/juuteion-web:testIamPermissions {"permissions":["firebase.projects.get","firebaseextensions.instances.list"]}
[debug] [2025-12-11T08:32:33.593Z] <<< [apiv2][status] POST https://cloudresourcemanager.googleapis.com/v1/projects/juuteion-web:testIamPermissions 200
[debug] [2025-12-11T08:32:33.593Z] <<< [apiv2][body] POST https://cloudresourcemanager.googleapis.com/v1/projects/juuteion-web:testIamPermissions {"permissions":["firebase.projects.get","firebaseextensions.instances.list"]}
[debug] [2025-12-11T08:32:33.594Z] Checked if tokens are valid: true, expires at: 1765443256736
[debug] [2025-12-11T08:32:33.594Z] Checked if tokens are valid: true, expires at: 1765443256736
[debug] [2025-12-11T08:32:33.596Z] >>> [apiv2][query] GET https://firebaseextensions.googleapis.com/v1beta/projects/juuteion-web/instances pageSize=100&pageToken=
[debug] [2025-12-11T08:32:35.479Z] <<< [apiv2][status] GET https://firebaseextensions.googleapis.com/v1beta/projects/juuteion-web/instances 200
[debug] [2025-12-11T08:32:35.479Z] <<< [apiv2][body] GET https://firebaseextensions.googleapis.com/v1beta/projects/juuteion-web/instances {}
[info] i  functions: preparing functions directory for uploading... 
[info] i  functions: packaged /Users/penpen/Documents/juteo_LP/juuteion-hub/functions (72.97 KB) for uploading 
[debug] [2025-12-11T08:32:35.519Z] Checked if tokens are valid: true, expires at: 1765443256736
[debug] [2025-12-11T08:32:35.519Z] Checked if tokens are valid: true, expires at: 1765443256736
[debug] [2025-12-11T08:32:35.520Z] >>> [apiv2][query] GET https://cloudfunctions.googleapis.com/v1/projects/juuteion-web/locations/-/functions [none]
[debug] [2025-12-11T08:32:36.324Z] <<< [apiv2][status] GET https://cloudfunctions.googleapis.com/v1/projects/juuteion-web/locations/-/functions 200
[debug] [2025-12-11T08:32:36.325Z] <<< [apiv2][body] GET https://cloudfunctions.googleapis.com/v1/projects/juuteion-web/locations/-/functions {}
[debug] [2025-12-11T08:32:36.325Z] Checked if tokens are valid: true, expires at: 1765443256736
[debug] [2025-12-11T08:32:36.325Z] Checked if tokens are valid: true, expires at: 1765443256736
[debug] [2025-12-11T08:32:36.326Z] >>> [apiv2][query] GET https://cloudfunctions.googleapis.com/v2/projects/juuteion-web/locations/-/functions filter=environment%3D%22GEN_2%22
[debug] [2025-12-11T08:32:37.680Z] <<< [apiv2][status] GET https://cloudfunctions.googleapis.com/v2/projects/juuteion-web/locations/-/functions 200
[debug] [2025-12-11T08:32:37.680Z] <<< [apiv2][body] GET https://cloudfunctions.googleapis.com/v2/projects/juuteion-web/locations/-/functions {}
[debug] [2025-12-11T08:32:37.685Z] Checked if tokens are valid: true, expires at: 1765443256736
[debug] [2025-12-11T08:32:37.685Z] Checked if tokens are valid: true, expires at: 1765443256736
[debug] [2025-12-11T08:32:37.686Z] >>> [apiv2][query] GET https://cloudresourcemanager.googleapis.com/v1/projects/juuteion-web [none]
[debug] [2025-12-11T08:32:37.877Z] <<< [apiv2][status] GET https://cloudresourcemanager.googleapis.com/v1/projects/juuteion-web 200
[debug] [2025-12-11T08:32:37.877Z] <<< [apiv2][body] GET https://cloudresourcemanager.googleapis.com/v1/projects/juuteion-web {"projectNumber":"419983931050","projectId":"juuteion-web","lifecycleState":"ACTIVE","name":"juuteion web","labels":{"firebase":"enabled","firebase-core":"disabled"},"createTime":"2025-12-08T18:21:36.452767Z"}
[debug] [2025-12-11T08:32:37.879Z] Checked if tokens are valid: true, expires at: 1765443256736
[debug] [2025-12-11T08:32:37.879Z] Checked if tokens are valid: true, expires at: 1765443256736
[debug] [2025-12-11T08:32:37.879Z] >>> [apiv2][query] GET https://cloudbilling.googleapis.com/v1/projects/juuteion-web/billingInfo [none]
[debug] [2025-12-11T08:32:38.199Z] <<< [apiv2][status] GET https://cloudbilling.googleapis.com/v1/projects/juuteion-web/billingInfo 200
[debug] [2025-12-11T08:32:38.199Z] <<< [apiv2][body] GET https://cloudbilling.googleapis.com/v1/projects/juuteion-web/billingInfo {"name":"projects/juuteion-web/billingInfo","projectId":"juuteion-web","billingAccountName":"billingAccounts/01DFD1-F7C825-D4E864","billingEnabled":true}
[debug] [2025-12-11T08:32:38.201Z] Checked if tokens are valid: true, expires at: 1765443256736
[debug] [2025-12-11T08:32:38.201Z] Checked if tokens are valid: true, expires at: 1765443256736
[debug] [2025-12-11T08:32:38.201Z] >>> [apiv2][query] POST https://cloudfunctions.googleapis.com/v1/projects/juuteion-web/locations/us-central1/functions:generateUploadUrl [none]
[debug] [2025-12-11T08:32:38.201Z] >>> [apiv2][body] POST https://cloudfunctions.googleapis.com/v1/projects/juuteion-web/locations/us-central1/functions:generateUploadUrl {}
[debug] [2025-12-11T08:32:54.383Z] <<< [apiv2][status] POST https://cloudfunctions.googleapis.com/v1/projects/juuteion-web/locations/us-central1/functions:generateUploadUrl 200
[debug] [2025-12-11T08:32:54.384Z] <<< [apiv2][body] POST https://cloudfunctions.googleapis.com/v1/projects/juuteion-web/locations/us-central1/functions:generateUploadUrl {"uploadUrl":"https://storage.googleapis.com/uploads-874387258194.us-central1.cloudfunctions.appspot.com/218e54e4-2cf3-48e4-a607-2081aa96bd6c.zip?GoogleAccessId=service-419983931050@gcf-admin-robot.iam.gserviceaccount.com&Expires=1765443774&Signature=A8QvGRjbRYKW7NDdYA7cMqjDaan9tYBy4gut%2BJ8%2BG%2FkYkR9CEUBPr9ys2yjbmmNJp5tSEdcgV5ioRFk0VX6e4A8uiOZ9lukY2SOVKkGmVR9rn18LxvA6sWGrm5ZdrFasabWnZIVl05Ke5vPk4qLhJkUZutiLBAywLHhaXd7OE5obmewNzMzLuaS8qwD9ZdMqMoPEJfVacM3TTqgnd3j0jZ6j5F6Z%2BVLCo%2FBB%2BIfpDfV3YW27nffhxctF8Jsf4PWq6sOz8sfsgQMNZLOaJXp%2BcmBrHY8JGHKWNqmpPx%2BOZ617FPRyKTUKMi5bH6u9YQMQM0a0P1LLvM1xk6kEmyRhHw%3D%3D"}
[debug] [2025-12-11T08:32:54.389Z] >>> [apiv2][query] PUT https://storage.googleapis.com/uploads-874387258194.us-central1.cloudfunctions.appspot.com/218e54e4-2cf3-48e4-a607-2081aa96bd6c.zip GoogleAccessId=service-419983931050%40gcf-admin-robot.iam.gserviceaccount.com&Expires=1765443774&Signature=A8QvGRjbRYKW7NDdYA7cMqjDaan9tYBy4gut%2BJ8%2BG%2FkYkR9CEUBPr9ys2yjbmmNJp5tSEdcgV5ioRFk0VX6e4A8uiOZ9lukY2SOVKkGmVR9rn18LxvA6sWGrm5ZdrFasabWnZIVl05Ke5vPk4qLhJkUZutiLBAywLHhaXd7OE5obmewNzMzLuaS8qwD9ZdMqMoPEJfVacM3TTqgnd3j0jZ6j5F6Z%2BVLCo%2FBB%2BIfpDfV3YW27nffhxctF8Jsf4PWq6sOz8sfsgQMNZLOaJXp%2BcmBrHY8JGHKWNqmpPx%2BOZ617FPRyKTUKMi5bH6u9YQMQM0a0P1LLvM1xk6kEmyRhHw%3D%3D
[debug] [2025-12-11T08:32:54.389Z] >>> [apiv2][body] PUT https://storage.googleapis.com/uploads-874387258194.us-central1.cloudfunctions.appspot.com/218e54e4-2cf3-48e4-a607-2081aa96bd6c.zip [stream]
[debug] [2025-12-11T08:32:55.088Z] <<< [apiv2][status] PUT https://storage.googleapis.com/uploads-874387258194.us-central1.cloudfunctions.appspot.com/218e54e4-2cf3-48e4-a607-2081aa96bd6c.zip 200
[debug] [2025-12-11T08:32:55.088Z] <<< [apiv2][body] PUT https://storage.googleapis.com/uploads-874387258194.us-central1.cloudfunctions.appspot.com/218e54e4-2cf3-48e4-a607-2081aa96bd6c.zip [omitted]
[info] ✔  functions: functions source uploaded successfully 
[info] i  functions: creating Node.js 24 (1st Gen) function triggerGithubDispatch(us-central1)... 
[debug] [2025-12-11T08:32:55.093Z] Checked if tokens are valid: true, expires at: 1765443256736
[debug] [2025-12-11T08:32:55.093Z] Checked if tokens are valid: true, expires at: 1765443256736
[debug] [2025-12-11T08:32:55.093Z] >>> [apiv2][query] POST https://cloudfunctions.googleapis.com/v1/projects/juuteion-web/locations/us-central1/functions [none]
[debug] [2025-12-11T08:32:55.093Z] >>> [apiv2][body] POST https://cloudfunctions.googleapis.com/v1/projects/juuteion-web/locations/us-central1/functions {"name":"projects/juuteion-web/locations/us-central1/functions/triggerGithubDispatch","sourceUploadUrl":"https://storage.googleapis.com/uploads-874387258194.us-central1.cloudfunctions.appspot.com/218e54e4-2cf3-48e4-a607-2081aa96bd6c.zip?GoogleAccessId=service-419983931050@gcf-admin-robot.iam.gserviceaccount.com&Expires=1765443774&Signature=A8QvGRjbRYKW7NDdYA7cMqjDaan9tYBy4gut%2BJ8%2BG%2FkYkR9CEUBPr9ys2yjbmmNJp5tSEdcgV5ioRFk0VX6e4A8uiOZ9lukY2SOVKkGmVR9rn18LxvA6sWGrm5ZdrFasabWnZIVl05Ke5vPk4qLhJkUZutiLBAywLHhaXd7OE5obmewNzMzLuaS8qwD9ZdMqMoPEJfVacM3TTqgnd3j0jZ6j5F6Z%2BVLCo%2FBB%2BIfpDfV3YW27nffhxctF8Jsf4PWq6sOz8sfsgQMNZLOaJXp%2BcmBrHY8JGHKWNqmpPx%2BOZ617FPRyKTUKMi5bH6u9YQMQM0a0P1LLvM1xk6kEmyRhHw%3D%3D","entryPoint":"triggerGithubDispatch","runtime":"nodejs24","dockerRegistry":"ARTIFACT_REGISTRY","labels":{"deployment-tool":"cli-firebase","deployment-callable":"true","firebase-functions-hash":"1ad375ef55b1160578029026ba3a97b99b6b9633"},"httpsTrigger":{"securityLevel":"SECURE_ALWAYS"},"minInstances":null,"maxInstances":null,"ingressSettings":null,"environmentVariables":{"FIREBASE_CONFIG":"{\"projectId\":\"juuteion-web\",\"storageBucket\":\"juuteion-web.firebasestorage.app\"}","GCLOUD_PROJECT":"juuteion-web","EVENTARC_CLOUD_EVENT_SOURCE":"projects/juuteion-web/locations/us-central1/functions/triggerGithubDispatch"},"serviceAccountEmail":null,"availableMemoryMb":null,"timeout":null,"vpcConnector":null,"vpcConnectorEgressSettings":null,"buildEnvironmentVariables":{"GOOGLE_NODE_RUN_SCRIPTS":""}}
[debug] [2025-12-11T08:32:55.702Z] <<< [apiv2][status] POST https://cloudfunctions.googleapis.com/v1/projects/juuteion-web/locations/us-central1/functions 400
[debug] [2025-12-11T08:32:55.702Z] <<< [apiv2][body] POST https://cloudfunctions.googleapis.com/v1/projects/juuteion-web/locations/us-central1/functions {"error":{"code":400,"message":"Failed to create 1st Gen function projects/juuteion-web/locations/us-central1/functions/triggerGithubDispatch: runtime: Runtime validation errors: [error_code: \t INVALID_RUNTIME\nmessage: \"Runtime \\\"nodejs24\\\" is not supported on GCF Gen1\"\n]","status":"INVALID_ARGUMENT"}}
[warn] ⚠  functions: Runtime "nodejs24" is not supported on GCF Gen1 for function projects/juuteion-web/locations/us-central1/functions/triggerGithubDispatch 
[warn] ⚠  functions: failed to create function projects/juuteion-web/locations/us-central1/functions/triggerGithubDispatch 
[error] Failed to create function projects/juuteion-web/locations/us-central1/functions/triggerGithubDispatch
[debug] [2025-12-11T08:32:55.706Z] Total Function Deployment time: 612
[debug] [2025-12-11T08:32:55.706Z] 1 Functions Deployed
[debug] [2025-12-11T08:32:55.706Z] 1 Functions Errored
[debug] [2025-12-11T08:32:55.706Z] 0 Function Deployments Aborted
[debug] [2025-12-11T08:32:55.706Z] Average Function Deployment time: 612
[info] 
[info] Functions deploy had errors with the following functions:
	triggerGithubDispatch(us-central1)
[debug] [2025-12-11T08:32:55.707Z] Checked if tokens are valid: true, expires at: 1765443256736
[debug] [2025-12-11T08:32:55.707Z] Checked if tokens are valid: true, expires at: 1765443256736
[debug] [2025-12-11T08:32:55.707Z] >>> [apiv2][query] GET https://artifactregistry.googleapis.com/v1/projects/juuteion-web/locations/us-central1/repositories/gcf-artifacts [none]
[debug] [2025-12-11T08:32:56.826Z] <<< [apiv2][status] GET https://artifactregistry.googleapis.com/v1/projects/juuteion-web/locations/us-central1/repositories/gcf-artifacts 404
[debug] [2025-12-11T08:32:56.826Z] <<< [apiv2][body] GET https://artifactregistry.googleapis.com/v1/projects/juuteion-web/locations/us-central1/repositories/gcf-artifacts {"error":{"code":404,"message":"Requested entity was not found.","status":"NOT_FOUND"}}
[debug] [2025-12-11T08:32:56.826Z] Failed to check artifact cleanup policy for region us-central1: Request to https://artifactregistry.googleapis.com/v1/projects/juuteion-web/locations/us-central1/repositories/gcf-artifacts had HTTP Error: 404, Requested entity was not found. {"name":"FirebaseError","children":[],"context":{"body":{"error":{"code":404,"message":"Requested entity was not found.","status":"NOT_FOUND"}},"response":{"statusCode":404}},"exit":1,"message":"Request to https://artifactregistry.googleapis.com/v1/projects/juuteion-web/locations/us-central1/repositories/gcf-artifacts had HTTP Error: 404, Requested entity was not found.","status":404}
[debug] [2025-12-11T08:32:56.827Z] Functions deploy failed.
[debug] [2025-12-11T08:32:56.827Z] {
  "endpoint": {
    "id": "triggerGithubDispatch",
    "project": "juuteion-web",
    "region": "us-central1",
    "entryPoint": "triggerGithubDispatch",
    "platform": "gcfv1",
    "runtime": "nodejs24",
    "callableTrigger": {},
    "labels": {
      "deployment-tool": "cli-firebase"
    },
    "serviceAccount": null,
    "ingressSettings": null,
    "availableMemoryMb": null,
    "timeoutSeconds": null,
    "maxInstances": null,
    "minInstances": null,
    "vpc": null,
    "environmentVariables": {
      "FIREBASE_CONFIG": "{\"projectId\":\"juuteion-web\",\"storageBucket\":\"juuteion-web.firebasestorage.app\"}",
      "GCLOUD_PROJECT": "juuteion-web",
      "EVENTARC_CLOUD_EVENT_SOURCE": "projects/juuteion-web/locations/us-central1/functions/triggerGithubDispatch"
    },
    "codebase": "default",
    "targetedByOnly": false,
    "hash": "1ad375ef55b1160578029026ba3a97b99b6b9633"
  },
  "op": "create",
  "original": {
    "name": "FirebaseError",
    "children": [],
    "context": {
      "function": "projects/juuteion-web/locations/us-central1/functions/triggerGithubDispatch"
    },
    "exit": 1,
    "message": "Failed to create function projects/juuteion-web/locations/us-central1/functions/triggerGithubDispatch",
    "original": {
      "name": "FirebaseError",
      "children": [],
      "context": {
        "body": {
          "error": {
            "code": 400,
            "message": "Failed to create 1st Gen function projects/juuteion-web/locations/us-central1/functions/triggerGithubDispatch: runtime: Runtime validation errors: [error_code: \t INVALID_RUNTIME\nmessage: \"Runtime \\\"nodejs24\\\" is not supported on GCF Gen1\"\n]",
            "status": "INVALID_ARGUMENT"
          }
        },
        "response": {
          "statusCode": 400
        }
      },
      "exit": 1,
      "message": "Request to https://cloudfunctions.googleapis.com/v1/projects/juuteion-web/locations/us-central1/functions had HTTP Error: 400, Failed to create 1st Gen function projects/juuteion-web/locations/us-central1/functions/triggerGithubDispatch: runtime: Runtime validation errors: [error_code: \t INVALID_RUNTIME\nmessage: \"Runtime \\\"nodejs24\\\" is not supported on GCF Gen1\"\n]",
      "status": 400
    },
    "status": 400,
    "code": 400
  }
}
[debug] [2025-12-11T08:32:56.828Z] Error: Failed to create function triggerGithubDispatch in region us-central1
    at /usr/local/lib/node_modules/firebase-tools/lib/deploy/functions/release/fabricator.js:52:11
    at process.processTicksAndRejections (node:internal/process/task_queues:105:5)
    at async Fabricator.createV1Function (/usr/local/lib/node_modules/firebase-tools/lib/deploy/functions/release/fabricator.js:194:32)
    at async Fabricator.createEndpoint (/usr/local/lib/node_modules/firebase-tools/lib/deploy/functions/release/fabricator.js:134:13)
    at async handle (/usr/local/lib/node_modules/firebase-tools/lib/deploy/functions/release/fabricator.js:89:17)
[error] 
[error] Error: There was an error deploying functions
